2020-11-12 11:57:14::INFO::ETL >> Start
2020-11-12 11:57:14::INFO::Extract >> Start
2020-11-12 11:57:14::INFO::Downloading dvf_2019.csv.gz
2020-11-12 11:57:16::INFO::Extracting dvf_2019.csv.gz
2020-11-12 11:57:19::INFO::Extract >> End
2020-11-12 11:57:19::INFO::Transform >> Start
2020-11-12 11:57:19::INFO::Loading dvf_2019.csv to DataFrame
2020-11-12 11:57:27::INFO::Dropping NaN rows
2020-11-12 11:57:28::INFO::Updated fields value
2020-11-12 11:57:30::INFO::Validating 4999 < price < 1999999
2020-11-12 11:57:31::INFO::Validating 9 < surface < 1001
2020-11-12 11:57:31::INFO::Grouping rows by id
2020-11-12 11:57:33::INFO::Saving DataFrame as JSON file
2020-11-12 11:57:36::INFO::Updating date format in JSON file
2020-11-12 11:58:06::INFO::Transform >> End
2020-11-12 11:58:06::INFO::Load >> Start
2020-11-12 11:58:06::INFO::Loading dvf_2019_updated.json to DB
2020-11-12 11:58:22::INFO::Deleting dvf_2019_updated.json & dvf_2019.csv
2020-11-12 11:58:22::INFO::Load >> End
2020-11-12 11:58:22::INFO::ETL >> End
